<?xml version="1.0" encoding="UTF-8"?>
<!-- Generated by org.testng.reporters.JUnitXMLReporter -->
<testsuite ignored="0" hostname="CAPMX-EC2730" failures="1" tests="1" name="ValidateTitle" time="21.623" errors="0" timestamp="2020-05-19T17:46:37 CDT">
  <testcase classname="academy.ValidateTitle" name="basePageNavigation" time="0.038">
    <failure type="java.lang.AssertionError" message="expected [Featured Courses123] but found [FEATURED COURSES]">
      <![CDATA[java.lang.AssertionError: expected [Featured Courses123] but found [FEATURED COURSES]
at academy.ValidateTitle.basePageNavigation(ValidateTitle.java:36)
at java.base/java.util.ArrayList.forEach(ArrayList.java:1510)
... Removed 36 stack frames]]>
    </failure>
  </testcase> <!-- basePageNavigation -->
</testsuite> <!-- ValidateTitle -->
